<?xml version="1.0" encoding="UTF-8"?>
<!-- Generated by org.testng.reporters.JUnitReportReporter -->
<testsuite skipped="0" hostname="DESKTOP-7D1OLRH" name="com.training.sanity.tests.RTTC_037" tests="1" failures="0" timestamp="24 Jun 2019 07:25:58 GMT" time="39.072" errors="0">
  <testcase name="verifyUserCredentials" time="39.072" classname="com.training.sanity.tests.RTTC_037"/>
</testsuite> <!-- com.training.sanity.tests.RTTC_037 -->
