<?xml version="1.0" encoding="UTF-8"?>
<!-- Generated by org.testng.reporters.JUnitReportReporter -->
<testsuite skipped="0" hostname="DESKTOP-7D1OLRH" name="com.training.sanity.tests.RTTC_036" tests="1" failures="0" timestamp="24 Jun 2019 07:43:35 GMT" time="60.987" errors="0">
  <testcase name="returnOrderedProduct" time="60.987" classname="com.training.sanity.tests.RTTC_036"/>
</testsuite> <!-- com.training.sanity.tests.RTTC_036 -->
