<?xml version="1.0" encoding="UTF-8"?>
<!-- Generated by org.testng.reporters.JUnitReportReporter -->
<testsuite skipped="0" hostname="DESKTOP-7D1OLRH" name="com.training.sanity.tests.RTTC_004" tests="1" failures="0" timestamp="03 Jul 2019 11:00:04 GMT" time="64.235" errors="0">
  <testcase name="viewOrderDetails" time="64.235" classname="com.training.sanity.tests.RTTC_004"/>
</testsuite> <!-- com.training.sanity.tests.RTTC_004 -->
