<?xml version="1.0" encoding="UTF-8"?>
<!-- Generated by org.testng.reporters.JUnitReportReporter -->
<testsuite skipped="0" hostname="DESKTOP-7D1OLRH" name="com.training.sanity.tests.ExcelReadding" tests="1" failures="0" timestamp="20 Dec 2019 13:27:01 GMT" time="2.090" errors="0">
  <testcase name="viewOrderDetails" time="2.090" classname="com.training.sanity.tests.ExcelReadding"/>
</testsuite> <!-- com.training.sanity.tests.ExcelReadding -->
