<?xml version="1.0" encoding="UTF-8"?>
<!-- Generated by org.testng.reporters.JUnitReportReporter -->
<testsuite skipped="0" hostname="DESKTOP-7D1OLRH" name="com.training.sanity.tests.RTTC_038" tests="1" failures="0" timestamp="24 Jun 2019 07:20:29 GMT" time="46.656" errors="0">
  <testcase name="addCategory" time="46.656" classname="com.training.sanity.tests.RTTC_038"/>
</testsuite> <!-- com.training.sanity.tests.RTTC_038 -->
