<?xml version="1.0" encoding="UTF-8"?>
<!-- Generated by org.testng.reporters.JUnitReportReporter -->
<testsuite skipped="0" hostname="DESKTOP-7D1OLRH" name="com.training.sanity.tests.RTTC_064" tests="1" failures="0" timestamp="02 Jul 2019 14:16:38 GMT" time="27.654" errors="0">
  <testcase name="categoryModifying" time="27.654" classname="com.training.sanity.tests.RTTC_064"/>
</testsuite> <!-- com.training.sanity.tests.RTTC_064 -->
