<?xml version="1.0" encoding="UTF-8"?>
<!-- Generated by org.testng.reporters.JUnitReportReporter -->
<testsuite skipped="0" hostname="DESKTOP-7D1OLRH" name="com.training.sanity.tests.RTTC_006" tests="1" failures="0" timestamp="24 Jun 2019 07:47:18 GMT" time="39.139" errors="0">
  <testcase name="changePasswordTest" time="39.139" classname="com.training.sanity.tests.RTTC_006"/>
</testsuite> <!-- com.training.sanity.tests.RTTC_006 -->
