<?xml version="1.0" encoding="UTF-8"?>
<!-- Generated by org.testng.reporters.JUnitReportReporter -->
<testsuite skipped="0" hostname="DESKTOP-7D1OLRH" name="com.training.sanity.tests.RTTC_065" tests="1" failures="0" timestamp="02 Jul 2019 08:47:06 GMT" time="28.794" errors="0">
  <testcase name="addProduct" time="28.794" classname="com.training.sanity.tests.RTTC_065"/>
</testsuite> <!-- com.training.sanity.tests.RTTC_065 -->
