<?xml version="1.0" encoding="UTF-8"?>
<!-- Generated by org.testng.reporters.JUnitReportReporter -->
<testsuite skipped="0" hostname="DESKTOP-7D1OLRH" name="com.training.sanity.tests.RTTC_005" tests="1" failures="0" timestamp="24 Jun 2019 07:46:22 GMT" time="42.475" errors="0">
  <testcase name="EditInfoTest" time="42.475" classname="com.training.sanity.tests.RTTC_005"/>
</testsuite> <!-- com.training.sanity.tests.RTTC_005 -->
